2024-12-01 02:17:58,468 - INFO - Process num: 9832 / 10502
2024-12-01 02:18:00,122 - INFO - Process num: 9833 / 10502
2024-12-01 02:18:01,773 - INFO - Process num: 9834 / 10502
2024-12-01 02:18:03,410 - INFO - Process num: 9835 / 10502
2024-12-01 02:18:04,607 - INFO - Process num: 9836 / 10502
2024-12-01 02:18:06,039 - INFO - Process num: 9837 / 10502
2024-12-01 02:18:07,638 - INFO - Process num: 9838 / 10502
2024-12-01 02:18:09,228 - INFO - Process num: 9839 / 10502
2024-12-01 02:18:10,987 - INFO - Process num: 9840 / 10502
2024-12-01 02:18:12,351 - INFO - Process num: 9841 / 10502
2024-12-01 02:18:13,753 - INFO - Process num: 9842 / 10502
2024-12-01 02:18:15,309 - INFO - Process num: 9843 / 10502
2024-12-01 02:18:16,458 - INFO - Process num: 9844 / 10502
2024-12-01 02:18:17,944 - INFO - Process num: 9845 / 10502
2024-12-01 02:18:20,986 - INFO - Process num: 9846 / 10502
2024-12-01 02:18:22,357 - INFO - Process num: 9847 / 10502
2024-12-01 02:18:23,814 - INFO - Process num: 9848 / 10502
2024-12-01 02:18:25,205 - INFO - Process num: 9849 / 10502
2024-12-01 02:18:26,511 - INFO - Process num: 9850 / 10502
2024-12-01 02:18:28,275 - INFO - Process num: 9851 / 10502
2024-12-01 02:18:29,884 - INFO - Process num: 9852 / 10502
2024-12-01 02:18:31,392 - INFO - Process num: 9853 / 10502
2024-12-01 02:18:32,777 - INFO - Process num: 9854 / 10502
2024-12-01 02:18:34,261 - INFO - Process num: 9855 / 10502
2024-12-01 02:18:35,868 - INFO - Process num: 9856 / 10502
2024-12-01 02:18:37,511 - INFO - Process num: 9857 / 10502
2024-12-01 02:18:38,816 - INFO - Process num: 9858 / 10502
2024-12-01 02:18:40,377 - INFO - Process num: 9859 / 10502
2024-12-01 02:18:41,813 - INFO - Process num: 9860 / 10502
2024-12-01 02:18:42,883 - INFO - Process num: 9861 / 10502
2024-12-01 02:18:46,038 - INFO - Process num: 9862 / 10502
2024-12-01 02:18:47,751 - INFO - Process num: 9863 / 10502
2024-12-01 02:18:49,377 - INFO - Process num: 9864 / 10502
2024-12-01 02:18:51,538 - INFO - Process num: 9865 / 10502
2024-12-01 02:18:53,882 - INFO - Process num: 9866 / 10502
2024-12-01 02:18:55,252 - INFO - Process num: 9867 / 10502
2024-12-01 02:18:56,576 - INFO - Process num: 9868 / 10502
2024-12-01 02:18:57,963 - INFO - Process num: 9869 / 10502
2024-12-01 02:18:59,832 - INFO - Process num: 9870 / 10502
2024-12-01 02:19:01,644 - INFO - Process num: 9871 / 10502
2024-12-01 02:19:03,763 - INFO - Process num: 9872 / 10502
2024-12-01 02:19:05,460 - INFO - Process num: 9873 / 10502
2024-12-01 02:19:06,897 - INFO - Process num: 9874 / 10502
2024-12-01 02:19:08,386 - INFO - Process num: 9875 / 10502
2024-12-01 02:19:10,232 - INFO - Process num: 9876 / 10502
2024-12-01 02:19:11,755 - INFO - Process num: 9877 / 10502
2024-12-01 02:19:13,143 - INFO - Process num: 9878 / 10502
2024-12-01 02:19:14,997 - INFO - Process num: 9879 / 10502
2024-12-01 02:19:16,615 - INFO - Process num: 9880 / 10502
2024-12-01 02:19:18,387 - INFO - Process num: 9881 / 10502
2024-12-01 02:19:20,089 - INFO - Process num: 9882 / 10502
2024-12-01 02:19:21,615 - INFO - Process num: 9883 / 10502
2024-12-01 02:19:22,940 - INFO - Process num: 9884 / 10502
2024-12-01 02:19:24,442 - INFO - Process num: 9885 / 10502
2024-12-01 02:19:26,214 - INFO - Process num: 9886 / 10502
2024-12-01 02:19:28,012 - INFO - Process num: 9887 / 10502
2024-12-01 02:19:29,301 - INFO - Process num: 9888 / 10502
2024-12-01 02:19:30,773 - INFO - Process num: 9889 / 10502
2024-12-01 02:19:32,381 - INFO - Process num: 9890 / 10502
2024-12-01 02:19:33,930 - INFO - Process num: 9891 / 10502
2024-12-01 02:19:35,231 - INFO - Process num: 9892 / 10502
2024-12-01 02:19:36,493 - INFO - Process num: 9893 / 10502
2024-12-01 02:19:38,231 - INFO - Process num: 9894 / 10502
2024-12-01 02:19:39,364 - INFO - Process num: 9895 / 10502
2024-12-01 02:19:41,050 - INFO - Process num: 9896 / 10502
2024-12-01 02:19:42,627 - INFO - Process num: 9897 / 10502
2024-12-01 02:19:44,059 - INFO - Process num: 9898 / 10502
2024-12-01 02:19:45,715 - INFO - Process num: 9899 / 10502
2024-12-01 02:19:47,272 - INFO - Process num: 9900 / 10502
2024-12-01 02:19:48,639 - INFO - Process num: 9901 / 10502
2024-12-01 02:19:49,949 - INFO - Process num: 9902 / 10502
2024-12-01 02:19:51,504 - INFO - Process num: 9903 / 10502
2024-12-01 02:19:52,915 - INFO - Process num: 9904 / 10502
2024-12-01 02:19:54,282 - INFO - Process num: 9905 / 10502
2024-12-01 02:19:56,002 - INFO - Process num: 9906 / 10502
2024-12-01 02:19:57,517 - INFO - Process num: 9907 / 10502
2024-12-01 02:19:58,622 - INFO - Process num: 9908 / 10502
2024-12-01 02:19:59,950 - INFO - Process num: 9909 / 10502
2024-12-01 02:20:01,319 - INFO - Process num: 9910 / 10502
2024-12-01 02:20:02,984 - INFO - Process num: 9911 / 10502
2024-12-01 02:20:04,516 - INFO - Process num: 9912 / 10502
2024-12-01 02:20:06,597 - INFO - Process num: 9913 / 10502
2024-12-01 02:20:08,281 - INFO - Process num: 9914 / 10502
2024-12-01 02:20:10,484 - INFO - Process num: 9915 / 10502
2024-12-01 02:20:12,163 - INFO - Process num: 9916 / 10502
2024-12-01 02:20:14,166 - INFO - Process num: 9917 / 10502
2024-12-01 02:20:15,413 - INFO - Process num: 9918 / 10502
2024-12-01 02:20:17,044 - INFO - Process num: 9919 / 10502
2024-12-01 02:20:18,860 - INFO - Process num: 9920 / 10502
2024-12-01 02:20:20,243 - INFO - Process num: 9921 / 10502
2024-12-01 02:20:22,102 - INFO - Process num: 9922 / 10502
2024-12-01 02:20:23,855 - INFO - Process num: 9923 / 10502
2024-12-01 02:20:25,496 - INFO - Process num: 9924 / 10502
2024-12-01 02:20:29,051 - INFO - Process num: 9925 / 10502
2024-12-01 02:20:32,019 - INFO - Process num: 9926 / 10502
2024-12-01 02:20:33,951 - INFO - Process num: 9927 / 10502
2024-12-01 02:20:35,575 - INFO - Process num: 9928 / 10502
2024-12-01 02:20:37,321 - INFO - Process num: 9929 / 10502
2024-12-01 02:20:38,820 - INFO - Process num: 9930 / 10502
2024-12-01 02:20:40,489 - INFO - Process num: 9931 / 10502
2024-12-01 02:20:42,985 - INFO - Process num: 9932 / 10502
2024-12-01 02:20:44,893 - INFO - Process num: 9933 / 10502
2024-12-01 02:20:46,731 - INFO - Process num: 9934 / 10502
2024-12-01 02:20:48,423 - INFO - Process num: 9935 / 10502
2024-12-01 02:20:50,185 - INFO - Process num: 9936 / 10502
2024-12-01 02:20:52,035 - INFO - Process num: 9937 / 10502
2024-12-01 02:20:53,506 - INFO - Process num: 9938 / 10502
2024-12-01 02:20:55,471 - INFO - Process num: 9939 / 10502
2024-12-01 02:20:56,928 - INFO - Process num: 9940 / 10502
2024-12-01 02:20:58,410 - INFO - Process num: 9941 / 10502
2024-12-01 02:21:00,452 - INFO - Process num: 9942 / 10502
2024-12-01 02:21:01,959 - INFO - Process num: 9943 / 10502
2024-12-01 02:21:03,658 - INFO - Process num: 9944 / 10502
2024-12-01 02:21:05,237 - INFO - Process num: 9945 / 10502
2024-12-01 02:21:06,913 - INFO - Process num: 9946 / 10502
2024-12-01 02:21:08,717 - INFO - Process num: 9947 / 10502
2024-12-01 02:21:10,319 - INFO - Process num: 9948 / 10502
2024-12-01 02:21:11,867 - INFO - Process num: 9949 / 10502
2024-12-01 02:21:13,551 - INFO - Process num: 9950 / 10502
2024-12-01 02:21:15,117 - INFO - Process num: 9951 / 10502
2024-12-01 02:21:17,149 - INFO - Process num: 9952 / 10502
2024-12-01 02:21:18,507 - INFO - Process num: 9953 / 10502
2024-12-01 02:21:20,030 - INFO - Process num: 9954 / 10502
2024-12-01 02:21:21,468 - INFO - Process num: 9955 / 10502
2024-12-01 02:21:22,904 - INFO - Process num: 9956 / 10502
2024-12-01 02:21:24,624 - INFO - Process num: 9957 / 10502
2024-12-01 02:21:25,954 - INFO - Process num: 9958 / 10502
2024-12-01 02:21:27,423 - INFO - Process num: 9959 / 10502
2024-12-01 02:21:29,444 - INFO - Process num: 9960 / 10502
2024-12-01 02:21:31,926 - INFO - Process num: 9961 / 10502
2024-12-01 02:21:33,778 - INFO - Process num: 9962 / 10502
2024-12-01 02:21:34,862 - INFO - Process num: 9963 / 10502
2024-12-01 02:21:36,995 - INFO - Process num: 9964 / 10502
2024-12-01 02:21:38,450 - INFO - Process num: 9965 / 10502
2024-12-01 02:21:40,462 - INFO - Process num: 9966 / 10502
2024-12-01 02:21:42,052 - INFO - Process num: 9967 / 10502
2024-12-01 02:21:43,659 - INFO - Process num: 9968 / 10502
2024-12-01 02:21:45,339 - INFO - Process num: 9969 / 10502
2024-12-01 02:21:47,567 - INFO - Process num: 9970 / 10502
2024-12-01 02:21:49,302 - INFO - Process num: 9971 / 10502
2024-12-01 02:21:51,239 - INFO - Process num: 9972 / 10502
2024-12-01 02:21:53,975 - INFO - Process num: 9973 / 10502
2024-12-01 02:21:55,841 - INFO - Process num: 9974 / 10502
2024-12-01 02:21:58,038 - INFO - Process num: 9975 / 10502
2024-12-01 02:21:59,848 - INFO - Process num: 9976 / 10502
2024-12-01 02:22:01,899 - INFO - Process num: 9977 / 10502
2024-12-01 02:22:05,689 - INFO - Process num: 9978 / 10502
2024-12-01 02:22:07,427 - INFO - Process num: 9979 / 10502
2024-12-01 02:22:09,090 - INFO - Process num: 9980 / 10502
2024-12-01 02:22:10,703 - INFO - Process num: 9981 / 10502
2024-12-01 02:22:12,689 - INFO - Process num: 9982 / 10502
2024-12-01 02:22:14,391 - INFO - Process num: 9983 / 10502
2024-12-01 02:22:16,191 - INFO - Process num: 9984 / 10502
2024-12-01 02:22:17,785 - INFO - Process num: 9985 / 10502
2024-12-01 02:22:19,268 - INFO - Process num: 9986 / 10502
2024-12-01 02:22:20,738 - INFO - Process num: 9987 / 10502
2024-12-01 02:22:22,479 - INFO - Process num: 9988 / 10502
2024-12-01 02:22:24,181 - INFO - Process num: 9989 / 10502
2024-12-01 02:22:25,846 - INFO - Process num: 9990 / 10502
2024-12-01 02:22:27,153 - INFO - Process num: 9991 / 10502
2024-12-01 02:22:28,953 - INFO - Process num: 9992 / 10502
2024-12-01 02:22:30,342 - INFO - Process num: 9993 / 10502
2024-12-01 02:22:31,521 - INFO - Process num: 9994 / 10502
2024-12-01 02:22:33,207 - INFO - Process num: 9995 / 10502
2024-12-01 02:22:34,768 - INFO - Process num: 9996 / 10502
2024-12-01 02:22:36,412 - INFO - Process num: 9997 / 10502
2024-12-01 02:22:37,941 - INFO - Process num: 9998 / 10502
2024-12-01 02:22:40,003 - INFO - Process num: 9999 / 10502
2024-12-01 02:22:41,526 - INFO - Process num: 10000 / 10502
2024-12-01 02:22:43,246 - INFO - Process num: 10001 / 10502
2024-12-01 02:22:44,698 - INFO - Process num: 10002 / 10502
2024-12-01 02:22:45,984 - INFO - Process num: 10003 / 10502
2024-12-01 02:22:47,463 - INFO - Process num: 10004 / 10502
2024-12-01 02:22:49,008 - INFO - Process num: 10005 / 10502
2024-12-01 02:22:51,398 - INFO - Process num: 10006 / 10502
2024-12-01 02:22:52,766 - INFO - Process num: 10007 / 10502
2024-12-01 02:22:55,962 - INFO - Process num: 10008 / 10502
2024-12-01 02:22:57,555 - INFO - Process num: 10009 / 10502
2024-12-01 02:22:58,946 - INFO - Process num: 10010 / 10502
2024-12-01 02:23:00,478 - INFO - Process num: 10011 / 10502
2024-12-01 02:23:02,517 - INFO - Process num: 10012 / 10502
2024-12-01 02:23:04,116 - INFO - Process num: 10013 / 10502
2024-12-01 02:23:06,009 - INFO - Process num: 10014 / 10502
2024-12-01 02:23:07,539 - INFO - Process num: 10015 / 10502
2024-12-01 02:23:09,059 - INFO - Process num: 10016 / 10502
2024-12-01 02:23:10,783 - INFO - Process num: 10017 / 10502
2024-12-01 02:23:12,469 - INFO - Process num: 10018 / 10502
2024-12-01 02:23:14,086 - INFO - Process num: 10019 / 10502
2024-12-01 02:23:16,955 - INFO - Process num: 10020 / 10502
2024-12-01 02:23:18,490 - INFO - Process num: 10021 / 10502
2024-12-01 02:23:20,407 - INFO - Process num: 10022 / 10502
2024-12-01 02:23:22,588 - INFO - Process num: 10023 / 10502
2024-12-01 02:23:24,206 - INFO - Process num: 10024 / 10502
2024-12-01 02:23:25,712 - INFO - Process num: 10025 / 10502
2024-12-01 02:23:27,338 - INFO - Process num: 10026 / 10502
2024-12-01 02:23:29,007 - INFO - Process num: 10027 / 10502
2024-12-01 02:23:30,706 - INFO - Process num: 10028 / 10502
2024-12-01 02:23:32,147 - INFO - Process num: 10029 / 10502
2024-12-01 02:23:33,725 - INFO - Process num: 10030 / 10502
2024-12-01 02:23:35,693 - INFO - Process num: 10031 / 10502
2024-12-01 02:23:37,784 - INFO - Process num: 10032 / 10502
2024-12-01 02:23:39,715 - INFO - Process num: 10033 / 10502
2024-12-01 02:23:41,427 - INFO - Process num: 10034 / 10502
2024-12-01 02:23:43,277 - INFO - Process num: 10035 / 10502
2024-12-01 02:23:45,338 - INFO - Process num: 10036 / 10502
2024-12-01 02:23:47,674 - INFO - Process num: 10037 / 10502
2024-12-01 02:23:49,094 - INFO - Process num: 10038 / 10502
2024-12-01 02:23:51,545 - INFO - Process num: 10039 / 10502
2024-12-01 02:23:53,305 - INFO - Process num: 10040 / 10502
2024-12-01 02:23:54,575 - INFO - Process num: 10041 / 10502
2024-12-01 02:23:56,099 - INFO - Process num: 10042 / 10502
2024-12-01 02:23:58,070 - INFO - Process num: 10043 / 10502
2024-12-01 02:23:59,654 - INFO - Process num: 10044 / 10502
2024-12-01 02:24:01,564 - INFO - Process num: 10045 / 10502
2024-12-01 02:24:03,202 - INFO - Process num: 10046 / 10502
2024-12-01 02:24:04,914 - INFO - Process num: 10047 / 10502
2024-12-01 02:24:06,442 - INFO - Process num: 10048 / 10502
2024-12-01 02:24:08,024 - INFO - Process num: 10049 / 10502
2024-12-01 02:24:09,691 - INFO - Process num: 10050 / 10502
2024-12-01 02:24:11,533 - INFO - Process num: 10051 / 10502
2024-12-01 02:24:13,580 - INFO - Process num: 10052 / 10502
2024-12-01 02:24:15,426 - INFO - Process num: 10053 / 10502
2024-12-01 02:24:16,989 - INFO - Process num: 10054 / 10502
2024-12-01 02:24:18,597 - INFO - Process num: 10055 / 10502
2024-12-01 02:24:21,669 - INFO - Process num: 10056 / 10502
2024-12-01 02:24:23,959 - INFO - Process num: 10057 / 10502
2024-12-01 02:24:25,501 - INFO - Process num: 10058 / 10502
2024-12-01 02:24:28,164 - INFO - Process num: 10059 / 10502
2024-12-01 02:24:29,631 - INFO - Process num: 10060 / 10502
2024-12-01 02:24:31,397 - INFO - Process num: 10061 / 10502
2024-12-01 02:24:32,729 - INFO - Process num: 10062 / 10502
2024-12-01 02:24:34,674 - INFO - Process num: 10063 / 10502
2024-12-01 02:24:36,587 - INFO - Process num: 10064 / 10502
2024-12-01 02:24:38,073 - INFO - Process num: 10065 / 10502
2024-12-01 02:24:39,590 - INFO - Process num: 10066 / 10502
2024-12-01 02:24:41,740 - INFO - Process num: 10067 / 10502
2024-12-01 02:24:43,276 - INFO - Process num: 10068 / 10502
2024-12-01 02:24:44,947 - INFO - Process num: 10069 / 10502
2024-12-01 02:24:46,859 - INFO - Process num: 10070 / 10502
2024-12-01 02:24:48,385 - INFO - Process num: 10071 / 10502
2024-12-01 02:24:50,128 - INFO - Process num: 10072 / 10502
2024-12-01 02:24:51,770 - INFO - Process num: 10073 / 10502
2024-12-01 02:24:53,419 - INFO - Process num: 10074 / 10502
2024-12-01 02:24:56,211 - INFO - Process num: 10075 / 10502
2024-12-01 02:24:58,038 - INFO - Process num: 10076 / 10502
2024-12-01 02:24:59,459 - INFO - Process num: 10077 / 10502
2024-12-01 02:25:01,406 - INFO - Process num: 10078 / 10502
2024-12-01 02:25:02,924 - INFO - Process num: 10079 / 10502
2024-12-01 02:25:04,575 - INFO - Process num: 10080 / 10502
2024-12-01 02:25:06,521 - INFO - Process num: 10081 / 10502
2024-12-01 02:25:08,363 - INFO - Process num: 10082 / 10502
2024-12-01 02:25:11,982 - INFO - Process num: 10083 / 10502
2024-12-01 02:25:13,310 - INFO - Process num: 10084 / 10502
2024-12-01 02:25:16,657 - INFO - Process num: 10085 / 10502
2024-12-01 02:25:19,103 - INFO - Process num: 10086 / 10502
2024-12-01 02:25:21,174 - INFO - Process num: 10087 / 10502
2024-12-01 02:25:22,573 - INFO - Process num: 10088 / 10502
2024-12-01 02:25:23,957 - INFO - Process num: 10089 / 10502
2024-12-01 02:25:25,771 - INFO - Process num: 10090 / 10502
2024-12-01 02:25:27,056 - INFO - Process num: 10091 / 10502
2024-12-01 02:25:29,551 - INFO - Process num: 10092 / 10502
2024-12-01 02:25:31,121 - INFO - Process num: 10093 / 10502
2024-12-01 02:25:32,631 - INFO - Process num: 10094 / 10502
2024-12-01 02:25:34,050 - INFO - Process num: 10095 / 10502
2024-12-01 02:25:35,485 - INFO - Process num: 10096 / 10502
2024-12-01 02:25:36,946 - INFO - Process num: 10097 / 10502
2024-12-01 02:25:38,570 - INFO - Process num: 10098 / 10502
2024-12-01 02:25:40,928 - INFO - Process num: 10099 / 10502
2024-12-01 02:25:42,815 - INFO - Process num: 10100 / 10502
2024-12-01 02:25:45,258 - INFO - Process num: 10101 / 10502
2024-12-01 02:25:46,664 - INFO - Process num: 10102 / 10502
2024-12-01 02:25:48,401 - INFO - Process num: 10103 / 10502
2024-12-01 02:25:49,973 - INFO - Process num: 10104 / 10502
2024-12-01 02:25:52,030 - INFO - Process num: 10105 / 10502
2024-12-01 02:25:54,019 - INFO - Process num: 10106 / 10502
2024-12-01 02:25:55,673 - INFO - Process num: 10107 / 10502
2024-12-01 02:25:57,159 - INFO - Process num: 10108 / 10502
2024-12-01 02:25:58,238 - INFO - Process num: 10109 / 10502
2024-12-01 02:25:59,913 - INFO - Process num: 10110 / 10502
2024-12-01 02:26:01,142 - INFO - Process num: 10111 / 10502
2024-12-01 02:26:03,265 - INFO - Process num: 10112 / 10502
2024-12-01 02:26:04,887 - INFO - Process num: 10113 / 10502
2024-12-01 02:26:06,628 - INFO - Process num: 10114 / 10502
2024-12-01 02:26:08,380 - INFO - Process num: 10115 / 10502
2024-12-01 02:26:09,804 - INFO - Process num: 10116 / 10502
2024-12-01 02:26:12,060 - INFO - Process num: 10117 / 10502
2024-12-01 02:26:13,902 - INFO - Process num: 10118 / 10502
2024-12-01 02:26:15,536 - INFO - Process num: 10119 / 10502
2024-12-01 02:26:17,085 - INFO - Process num: 10120 / 10502
2024-12-01 02:26:18,655 - INFO - Process num: 10121 / 10502
2024-12-01 02:26:19,940 - INFO - Process num: 10122 / 10502
2024-12-01 02:26:21,338 - INFO - Process num: 10123 / 10502
2024-12-01 02:26:22,602 - INFO - Process num: 10124 / 10502
2024-12-01 02:26:24,147 - INFO - Process num: 10125 / 10502
2024-12-01 02:26:25,674 - INFO - Process num: 10126 / 10502
2024-12-01 02:26:27,428 - INFO - Process num: 10127 / 10502
2024-12-01 02:26:29,228 - INFO - Process num: 10128 / 10502
2024-12-01 02:26:30,794 - INFO - Process num: 10129 / 10502
2024-12-01 02:26:32,638 - INFO - Process num: 10130 / 10502
2024-12-01 02:26:34,078 - INFO - Process num: 10131 / 10502
2024-12-01 02:26:35,561 - INFO - Process num: 10132 / 10502
2024-12-01 02:26:37,079 - INFO - Process num: 10133 / 10502
2024-12-01 02:26:38,575 - INFO - Process num: 10134 / 10502
2024-12-01 02:26:39,807 - INFO - Process num: 10135 / 10502
2024-12-01 02:26:41,443 - INFO - Process num: 10136 / 10502
2024-12-01 02:26:43,188 - INFO - Process num: 10137 / 10502
2024-12-01 02:26:45,033 - INFO - Process num: 10138 / 10502
2024-12-01 02:26:46,787 - INFO - Process num: 10139 / 10502
2024-12-01 02:26:50,011 - INFO - Process num: 10140 / 10502
2024-12-01 02:26:51,786 - INFO - Process num: 10141 / 10502
2024-12-01 02:26:53,491 - INFO - Process num: 10142 / 10502
2024-12-01 02:26:54,923 - INFO - Process num: 10143 / 10502
2024-12-01 02:26:56,495 - INFO - Process num: 10144 / 10502
2024-12-01 02:26:57,804 - INFO - Process num: 10145 / 10502
2024-12-01 02:26:59,160 - INFO - Process num: 10146 / 10502
2024-12-01 02:27:00,338 - INFO - Process num: 10147 / 10502
2024-12-01 02:27:01,923 - INFO - Process num: 10148 / 10502
2024-12-01 02:27:03,461 - INFO - Process num: 10149 / 10502
2024-12-01 02:27:05,591 - INFO - Process num: 10150 / 10502
2024-12-01 02:27:07,453 - INFO - Process num: 10151 / 10502
2024-12-01 02:27:09,093 - INFO - Process num: 10152 / 10502
2024-12-01 02:27:10,863 - INFO - Process num: 10153 / 10502
2024-12-01 02:27:12,361 - INFO - Process num: 10154 / 10502
2024-12-01 02:27:14,550 - INFO - Process num: 10155 / 10502
2024-12-01 02:27:19,535 - INFO - Process num: 10156 / 10502
2024-12-01 02:27:21,586 - INFO - Process num: 10157 / 10502
2024-12-01 02:27:23,426 - INFO - Process num: 10158 / 10502
2024-12-01 02:27:25,912 - INFO - Process num: 10159 / 10502
2024-12-01 02:27:27,541 - INFO - Process num: 10160 / 10502
2024-12-01 02:27:29,299 - INFO - Process num: 10161 / 10502
2024-12-01 02:27:31,220 - INFO - Process num: 10162 / 10502
2024-12-01 02:27:33,170 - INFO - Process num: 10163 / 10502
2024-12-01 02:27:34,896 - INFO - Process num: 10164 / 10502
2024-12-01 02:27:36,535 - INFO - Process num: 10165 / 10502
2024-12-01 02:27:38,918 - INFO - Process num: 10166 / 10502
2024-12-01 02:27:40,936 - INFO - Process num: 10167 / 10502
2024-12-01 02:27:42,677 - INFO - Process num: 10168 / 10502
2024-12-01 02:27:44,335 - INFO - Process num: 10169 / 10502
2024-12-01 02:27:46,169 - INFO - Process num: 10170 / 10502
2024-12-01 02:27:47,900 - INFO - Process num: 10171 / 10502
2024-12-01 02:27:49,436 - INFO - Process num: 10172 / 10502
2024-12-01 02:27:52,815 - INFO - Process num: 10173 / 10502
2024-12-01 02:27:54,199 - INFO - Process num: 10174 / 10502
2024-12-01 02:27:55,579 - INFO - Process num: 10175 / 10502
2024-12-01 02:27:57,531 - INFO - Process num: 10176 / 10502
2024-12-01 02:27:59,526 - INFO - Process num: 10177 / 10502
2024-12-01 02:28:00,904 - INFO - Process num: 10178 / 10502
2024-12-01 02:28:02,446 - INFO - Process num: 10179 / 10502
2024-12-01 02:28:03,900 - INFO - Process num: 10180 / 10502
2024-12-01 02:28:05,231 - INFO - Process num: 10181 / 10502
2024-12-01 02:28:07,192 - INFO - Process num: 10182 / 10502
2024-12-01 02:28:09,170 - INFO - Process num: 10183 / 10502
2024-12-01 02:28:10,927 - INFO - Process num: 10184 / 10502
2024-12-01 02:28:12,409 - INFO - Process num: 10185 / 10502
2024-12-01 02:28:14,151 - INFO - Process num: 10186 / 10502
2024-12-01 02:28:15,854 - INFO - Process num: 10187 / 10502
2024-12-01 02:28:17,903 - INFO - Process num: 10188 / 10502
2024-12-01 02:28:19,676 - INFO - Process num: 10189 / 10502
2024-12-01 02:28:21,384 - INFO - Process num: 10190 / 10502
2024-12-01 02:28:23,101 - INFO - Process num: 10191 / 10502
2024-12-01 02:28:24,680 - INFO - Process num: 10192 / 10502
2024-12-01 02:28:26,401 - INFO - Process num: 10193 / 10502
2024-12-01 02:28:27,471 - INFO - Process num: 10194 / 10502
2024-12-01 02:28:28,652 - INFO - Process num: 10195 / 10502
2024-12-01 02:28:30,291 - INFO - Process num: 10196 / 10502
2024-12-01 02:28:32,036 - INFO - Process num: 10197 / 10502
2024-12-01 02:28:33,242 - INFO - Process num: 10198 / 10502
2024-12-01 02:28:35,428 - INFO - Process num: 10199 / 10502
2024-12-01 02:28:37,190 - INFO - Process num: 10200 / 10502
2024-12-01 02:28:38,896 - INFO - Process num: 10201 / 10502
2024-12-01 02:28:40,356 - INFO - Process num: 10202 / 10502
2024-12-01 02:28:41,967 - INFO - Process num: 10203 / 10502
2024-12-01 02:28:43,262 - INFO - Process num: 10204 / 10502
2024-12-01 02:28:44,935 - INFO - Process num: 10205 / 10502
2024-12-01 02:28:46,473 - INFO - Process num: 10206 / 10502
2024-12-01 02:28:47,906 - INFO - Process num: 10207 / 10502
2024-12-01 02:28:49,859 - INFO - Process num: 10208 / 10502
2024-12-01 02:28:50,962 - INFO - Process num: 10209 / 10502
2024-12-01 02:28:52,815 - INFO - Process num: 10210 / 10502
2024-12-01 02:28:54,459 - INFO - Process num: 10211 / 10502
2024-12-01 02:28:55,799 - INFO - Process num: 10212 / 10502
2024-12-01 02:28:58,135 - INFO - Process num: 10213 / 10502
2024-12-01 02:28:59,888 - INFO - Process num: 10214 / 10502
2024-12-01 02:29:01,379 - INFO - Process num: 10215 / 10502
2024-12-01 02:29:02,650 - INFO - Process num: 10216 / 10502
2024-12-01 02:29:04,433 - INFO - Process num: 10217 / 10502
2024-12-01 02:29:05,914 - INFO - Process num: 10218 / 10502
2024-12-01 02:29:07,668 - INFO - Process num: 10219 / 10502
2024-12-01 02:29:09,165 - INFO - Process num: 10220 / 10502
2024-12-01 02:29:10,540 - INFO - Process num: 10221 / 10502
2024-12-01 02:29:12,069 - INFO - Process num: 10222 / 10502
2024-12-01 02:29:13,402 - INFO - Process num: 10223 / 10502
2024-12-01 02:29:15,332 - INFO - Process num: 10224 / 10502
2024-12-01 02:29:16,876 - INFO - Process num: 10225 / 10502
2024-12-01 02:29:18,522 - INFO - Process num: 10226 / 10502
2024-12-01 02:29:19,810 - INFO - Process num: 10227 / 10502
2024-12-01 02:29:21,318 - INFO - Process num: 10228 / 10502
2024-12-01 02:29:22,864 - INFO - Process num: 10229 / 10502
2024-12-01 02:29:24,987 - INFO - Process num: 10230 / 10502
2024-12-01 02:29:26,628 - INFO - Process num: 10231 / 10502
2024-12-01 02:29:28,454 - INFO - Process num: 10232 / 10502
2024-12-01 02:29:30,210 - INFO - Process num: 10233 / 10502
2024-12-01 02:29:32,207 - INFO - Process num: 10234 / 10502
2024-12-01 02:29:34,746 - INFO - Process num: 10235 / 10502
2024-12-01 02:29:36,227 - INFO - Process num: 10236 / 10502
2024-12-01 02:29:37,897 - INFO - Process num: 10237 / 10502
2024-12-01 02:29:39,540 - INFO - Process num: 10238 / 10502
2024-12-01 02:29:41,240 - INFO - Process num: 10239 / 10502
2024-12-01 02:29:43,630 - INFO - Process num: 10240 / 10502
2024-12-01 02:29:44,907 - INFO - Process num: 10241 / 10502
2024-12-01 02:29:47,118 - INFO - Process num: 10242 / 10502
2024-12-01 02:29:48,147 - INFO - Process num: 10243 / 10502
2024-12-01 02:29:51,050 - INFO - Process num: 10244 / 10502
2024-12-01 02:29:54,087 - INFO - Process num: 10245 / 10502
2024-12-01 02:29:56,037 - INFO - Process num: 10246 / 10502
2024-12-01 02:29:57,955 - INFO - Process num: 10247 / 10502
2024-12-01 02:29:59,924 - INFO - Process num: 10248 / 10502
2024-12-01 02:30:01,607 - INFO - Process num: 10249 / 10502
2024-12-01 02:30:04,008 - INFO - Process num: 10250 / 10502
2024-12-01 02:30:05,555 - INFO - Process num: 10251 / 10502
2024-12-01 02:30:07,620 - INFO - Process num: 10252 / 10502
2024-12-01 02:30:09,462 - INFO - Process num: 10253 / 10502
2024-12-01 02:30:11,121 - INFO - Process num: 10254 / 10502
2024-12-01 02:30:12,898 - INFO - Process num: 10255 / 10502
2024-12-01 02:30:14,582 - INFO - Process num: 10256 / 10502
2024-12-01 02:30:16,031 - INFO - Process num: 10257 / 10502
2024-12-01 02:30:17,663 - INFO - Process num: 10258 / 10502
2024-12-01 02:30:19,044 - INFO - Process num: 10259 / 10502
2024-12-01 02:30:20,949 - INFO - Process num: 10260 / 10502
2024-12-01 02:30:22,876 - INFO - Process num: 10261 / 10502
2024-12-01 02:30:25,652 - INFO - Process num: 10262 / 10502
2024-12-01 02:30:27,074 - INFO - Process num: 10263 / 10502
2024-12-01 02:30:28,404 - INFO - Process num: 10264 / 10502
2024-12-01 02:30:30,308 - INFO - Process num: 10265 / 10502
2024-12-01 02:30:32,992 - INFO - Process num: 10266 / 10502
2024-12-01 02:30:35,011 - INFO - Process num: 10267 / 10502
2024-12-01 02:30:36,699 - INFO - Process num: 10268 / 10502
2024-12-01 02:30:38,542 - INFO - Process num: 10269 / 10502
2024-12-01 02:30:40,198 - INFO - Process num: 10270 / 10502
2024-12-01 02:30:42,098 - INFO - Process num: 10271 / 10502
2024-12-01 02:30:43,870 - INFO - Process num: 10272 / 10502
2024-12-01 02:30:45,470 - INFO - Process num: 10273 / 10502
2024-12-01 02:30:47,945 - INFO - Process num: 10274 / 10502
2024-12-01 02:30:49,729 - INFO - Process num: 10275 / 10502
2024-12-01 02:30:51,650 - INFO - Process num: 10276 / 10502
2024-12-01 02:30:53,593 - INFO - Process num: 10277 / 10502
2024-12-01 02:30:55,694 - INFO - Process num: 10278 / 10502
2024-12-01 02:30:58,109 - INFO - Process num: 10279 / 10502
2024-12-01 02:31:00,141 - INFO - Process num: 10280 / 10502
2024-12-01 02:31:02,541 - INFO - Process num: 10281 / 10502
2024-12-01 02:31:03,821 - INFO - Process num: 10282 / 10502
2024-12-01 02:31:05,575 - INFO - Process num: 10283 / 10502
2024-12-01 02:31:07,418 - INFO - Process num: 10284 / 10502
2024-12-01 02:31:09,466 - INFO - Process num: 10285 / 10502
2024-12-01 02:31:10,676 - INFO - Process num: 10286 / 10502
2024-12-01 02:31:12,431 - INFO - Process num: 10287 / 10502
2024-12-01 02:31:14,162 - INFO - Process num: 10288 / 10502
2024-12-01 02:31:15,716 - INFO - Process num: 10289 / 10502
2024-12-01 02:31:17,658 - INFO - Process num: 10290 / 10502
2024-12-01 02:31:19,410 - INFO - Process num: 10291 / 10502
2024-12-01 02:31:21,241 - INFO - Process num: 10292 / 10502
2024-12-01 02:31:22,812 - INFO - Process num: 10293 / 10502
2024-12-01 02:31:24,723 - INFO - Process num: 10294 / 10502
2024-12-01 02:31:26,346 - INFO - Process num: 10295 / 10502
2024-12-01 02:31:28,410 - INFO - Process num: 10296 / 10502
2024-12-01 02:31:31,181 - INFO - Process num: 10297 / 10502
2024-12-01 02:31:33,074 - INFO - Process num: 10298 / 10502
2024-12-01 02:31:35,055 - INFO - Process num: 10299 / 10502
2024-12-01 02:31:36,813 - INFO - Process num: 10300 / 10502
2024-12-01 02:31:38,892 - INFO - Process num: 10301 / 10502
2024-12-01 02:31:40,595 - INFO - Process num: 10302 / 10502
2024-12-01 02:31:42,643 - INFO - Process num: 10303 / 10502
2024-12-01 02:31:42,643 - INFO - Rows written before: 9988
2024-12-01 02:31:42,644 - INFO - Rows written in this process: 472
2024-12-01 02:31:42,644 - INFO - Total data rows: 10460
2024-12-01 02:31:42,644 - INFO - Total process data: 10303 / 10502
2024-12-01 02:31:42,644 - INFO - Data written to ../data/biology_brain_my.csv
