2024-12-01 02:18:06,558 - INFO - Process num: 10092 / 10502
2024-12-01 02:18:07,838 - INFO - Process num: 10093 / 10502
2024-12-01 02:18:09,144 - INFO - Process num: 10094 / 10502
2024-12-01 02:18:10,493 - INFO - Process num: 10095 / 10502
2024-12-01 02:18:11,904 - INFO - Process num: 10096 / 10502
2024-12-01 02:18:14,060 - INFO - Process num: 10097 / 10502
2024-12-01 02:18:15,736 - INFO - Process num: 10098 / 10502
2024-12-01 02:18:17,644 - INFO - Process num: 10099 / 10502
2024-12-01 02:18:19,095 - INFO - Process num: 10100 / 10502
2024-12-01 02:18:20,764 - INFO - Process num: 10101 / 10502
2024-12-01 02:18:22,358 - INFO - Process num: 10102 / 10502
2024-12-01 02:18:25,435 - INFO - Process num: 10103 / 10502
2024-12-01 02:18:26,853 - INFO - Process num: 10104 / 10502
2024-12-01 02:18:28,294 - INFO - Process num: 10105 / 10502
2024-12-01 02:18:29,830 - INFO - Process num: 10106 / 10502
2024-12-01 02:18:30,959 - INFO - Process num: 10107 / 10502
2024-12-01 02:18:32,486 - INFO - Process num: 10108 / 10502
2024-12-01 02:18:33,721 - INFO - Process num: 10109 / 10502
2024-12-01 02:18:36,640 - INFO - Process num: 10110 / 10502
2024-12-01 02:18:38,001 - INFO - Process num: 10111 / 10502
2024-12-01 02:18:39,510 - INFO - Process num: 10112 / 10502
2024-12-01 02:18:41,095 - INFO - Process num: 10113 / 10502
2024-12-01 02:18:42,631 - INFO - Process num: 10114 / 10502
2024-12-01 02:18:44,781 - INFO - Process num: 10115 / 10502
2024-12-01 02:18:46,421 - INFO - Process num: 10116 / 10502
2024-12-01 02:18:47,763 - INFO - Process num: 10117 / 10502
2024-12-01 02:18:49,808 - INFO - Process num: 10118 / 10502
2024-12-01 02:18:53,040 - INFO - Process num: 10119 / 10502
2024-12-01 02:18:54,414 - INFO - Process num: 10120 / 10502
2024-12-01 02:18:55,799 - INFO - Process num: 10121 / 10502
2024-12-01 02:18:56,936 - INFO - Process num: 10122 / 10502
2024-12-01 02:18:58,473 - INFO - Process num: 10123 / 10502
2024-12-01 02:18:59,993 - INFO - Process num: 10124 / 10502
2024-12-01 02:19:01,538 - INFO - Process num: 10125 / 10502
2024-12-01 02:19:03,246 - INFO - Process num: 10126 / 10502
2024-12-01 02:19:04,748 - INFO - Process num: 10127 / 10502
2024-12-01 02:19:06,441 - INFO - Process num: 10128 / 10502
2024-12-01 02:19:07,926 - INFO - Process num: 10129 / 10502
2024-12-01 02:19:09,560 - INFO - Process num: 10130 / 10502
2024-12-01 02:19:11,057 - INFO - Process num: 10131 / 10502
2024-12-01 02:19:13,147 - INFO - Process num: 10132 / 10502
2024-12-01 02:19:14,375 - INFO - Process num: 10133 / 10502
2024-12-01 02:19:15,823 - INFO - Process num: 10134 / 10502
2024-12-01 02:19:17,957 - INFO - Process num: 10135 / 10502
2024-12-01 02:19:19,698 - INFO - Process num: 10136 / 10502
2024-12-01 02:19:21,242 - INFO - Process num: 10137 / 10502
2024-12-01 02:19:22,811 - INFO - Process num: 10138 / 10502
2024-12-01 02:19:24,650 - INFO - Process num: 10139 / 10502
2024-12-01 02:19:26,035 - INFO - Process num: 10140 / 10502
2024-12-01 02:19:27,480 - INFO - Process num: 10141 / 10502
2024-12-01 02:19:28,887 - INFO - Process num: 10142 / 10502
2024-12-01 02:19:30,177 - INFO - Process num: 10143 / 10502
2024-12-01 02:19:31,681 - INFO - Process num: 10144 / 10502
2024-12-01 02:19:33,017 - INFO - Process num: 10145 / 10502
2024-12-01 02:19:34,354 - INFO - Process num: 10146 / 10502
2024-12-01 02:19:35,750 - INFO - Process num: 10147 / 10502
2024-12-01 02:19:37,553 - INFO - Process num: 10148 / 10502
2024-12-01 02:19:39,020 - INFO - Process num: 10149 / 10502
2024-12-01 02:19:42,333 - INFO - Process num: 10150 / 10502
2024-12-01 02:19:43,724 - INFO - Process num: 10151 / 10502
2024-12-01 02:19:45,006 - INFO - Process num: 10152 / 10502
2024-12-01 02:19:47,398 - INFO - Process num: 10153 / 10502
2024-12-01 02:19:51,056 - INFO - Process num: 10154 / 10502
2024-12-01 02:19:53,995 - INFO - Process num: 10155 / 10502
2024-12-01 02:19:55,697 - INFO - Process num: 10156 / 10502
2024-12-01 02:19:57,557 - INFO - Process num: 10157 / 10502
2024-12-01 02:19:58,873 - INFO - Process num: 10158 / 10502
2024-12-01 02:20:00,277 - INFO - Process num: 10159 / 10502
2024-12-01 02:20:03,374 - INFO - Process num: 10160 / 10502
2024-12-01 02:20:05,391 - INFO - Process num: 10161 / 10502
2024-12-01 02:20:07,238 - INFO - Process num: 10162 / 10502
2024-12-01 02:20:08,693 - INFO - Process num: 10163 / 10502
2024-12-01 02:20:09,873 - INFO - Process num: 10164 / 10502
2024-12-01 02:20:11,803 - INFO - Process num: 10165 / 10502
2024-12-01 02:20:13,659 - INFO - Process num: 10166 / 10502
2024-12-01 02:20:15,138 - INFO - Process num: 10167 / 10502
2024-12-01 02:20:16,436 - INFO - Process num: 10168 / 10502
2024-12-01 02:20:17,972 - INFO - Process num: 10169 / 10502
2024-12-01 02:20:19,783 - INFO - Process num: 10170 / 10502
2024-12-01 02:20:21,854 - INFO - Process num: 10171 / 10502
2024-12-01 02:20:23,201 - INFO - Process num: 10172 / 10502
2024-12-01 02:20:24,922 - INFO - Process num: 10173 / 10502
2024-12-01 02:20:28,040 - INFO - Process num: 10174 / 10502
2024-12-01 02:20:30,339 - INFO - Process num: 10175 / 10502
2024-12-01 02:20:31,781 - INFO - Process num: 10176 / 10502
2024-12-01 02:20:33,421 - INFO - Process num: 10177 / 10502
2024-12-01 02:20:34,734 - INFO - Process num: 10178 / 10502
2024-12-01 02:20:36,212 - INFO - Process num: 10179 / 10502
2024-12-01 02:20:38,442 - INFO - Process num: 10180 / 10502
2024-12-01 02:20:40,154 - INFO - Process num: 10181 / 10502
2024-12-01 02:20:42,005 - INFO - Process num: 10182 / 10502
2024-12-01 02:20:43,684 - INFO - Process num: 10183 / 10502
2024-12-01 02:20:46,135 - INFO - Process num: 10184 / 10502
2024-12-01 02:20:47,965 - INFO - Process num: 10185 / 10502
2024-12-01 02:20:49,951 - INFO - Process num: 10186 / 10502
2024-12-01 02:20:52,037 - INFO - Process num: 10187 / 10502
2024-12-01 02:20:53,658 - INFO - Process num: 10188 / 10502
2024-12-01 02:20:55,324 - INFO - Process num: 10189 / 10502
2024-12-01 02:20:56,795 - INFO - Process num: 10190 / 10502
2024-12-01 02:20:58,770 - INFO - Process num: 10191 / 10502
2024-12-01 02:21:00,038 - INFO - Process num: 10192 / 10502
2024-12-01 02:21:01,173 - INFO - Process num: 10193 / 10502
2024-12-01 02:21:02,574 - INFO - Process num: 10194 / 10502
2024-12-01 02:21:04,410 - INFO - Process num: 10195 / 10502
2024-12-01 02:21:06,001 - INFO - Process num: 10196 / 10502
2024-12-01 02:21:08,121 - INFO - Process num: 10197 / 10502
2024-12-01 02:21:09,853 - INFO - Process num: 10198 / 10502
2024-12-01 02:21:11,285 - INFO - Process num: 10199 / 10502
2024-12-01 02:21:12,848 - INFO - Process num: 10200 / 10502
2024-12-01 02:21:14,140 - INFO - Process num: 10201 / 10502
2024-12-01 02:21:15,437 - INFO - Process num: 10202 / 10502
2024-12-01 02:21:17,198 - INFO - Process num: 10203 / 10502
2024-12-01 02:21:18,750 - INFO - Process num: 10204 / 10502
2024-12-01 02:21:20,162 - INFO - Process num: 10205 / 10502
2024-12-01 02:21:22,221 - INFO - Process num: 10206 / 10502
2024-12-01 02:21:23,336 - INFO - Process num: 10207 / 10502
2024-12-01 02:21:25,028 - INFO - Process num: 10208 / 10502
2024-12-01 02:21:26,564 - INFO - Process num: 10209 / 10502
2024-12-01 02:21:28,299 - INFO - Process num: 10210 / 10502
2024-12-01 02:21:29,887 - INFO - Process num: 10211 / 10502
2024-12-01 02:21:32,043 - INFO - Process num: 10212 / 10502
2024-12-01 02:21:33,538 - INFO - Process num: 10213 / 10502
2024-12-01 02:21:34,761 - INFO - Process num: 10214 / 10502
2024-12-01 02:21:36,604 - INFO - Process num: 10215 / 10502
2024-12-01 02:21:38,521 - INFO - Process num: 10216 / 10502
2024-12-01 02:21:41,881 - INFO - Process num: 10217 / 10502
2024-12-01 02:21:43,410 - INFO - Process num: 10218 / 10502
2024-12-01 02:21:44,885 - INFO - Process num: 10219 / 10502
2024-12-01 02:21:46,313 - INFO - Process num: 10220 / 10502
2024-12-01 02:21:47,600 - INFO - Process num: 10221 / 10502
2024-12-01 02:21:49,302 - INFO - Process num: 10222 / 10502
2024-12-01 02:21:51,279 - INFO - Process num: 10223 / 10502
2024-12-01 02:21:52,783 - INFO - Process num: 10224 / 10502
2024-12-01 02:21:53,923 - INFO - Process num: 10225 / 10502
2024-12-01 02:21:55,241 - INFO - Process num: 10226 / 10502
2024-12-01 02:21:56,717 - INFO - Process num: 10227 / 10502
2024-12-01 02:21:58,432 - INFO - Process num: 10228 / 10502
2024-12-01 02:22:00,199 - INFO - Process num: 10229 / 10502
2024-12-01 02:22:01,691 - INFO - Process num: 10230 / 10502
2024-12-01 02:22:03,535 - INFO - Process num: 10231 / 10502
2024-12-01 02:22:05,689 - INFO - Process num: 10232 / 10502
2024-12-01 02:22:07,491 - INFO - Process num: 10233 / 10502
2024-12-01 02:22:09,072 - INFO - Process num: 10234 / 10502
2024-12-01 02:22:10,909 - INFO - Process num: 10235 / 10502
2024-12-01 02:22:12,447 - INFO - Process num: 10236 / 10502
2024-12-01 02:22:14,391 - INFO - Process num: 10237 / 10502
2024-12-01 02:22:16,057 - INFO - Process num: 10238 / 10502
2024-12-01 02:22:17,359 - INFO - Process num: 10239 / 10502
2024-12-01 02:22:19,610 - INFO - Process num: 10240 / 10502
2024-12-01 02:22:21,168 - INFO - Process num: 10241 / 10502
2024-12-01 02:22:23,842 - INFO - Process num: 10242 / 10502
2024-12-01 02:22:25,346 - INFO - Process num: 10243 / 10502
2024-12-01 02:22:27,726 - INFO - Process num: 10244 / 10502
2024-12-01 02:22:30,020 - INFO - Process num: 10245 / 10502
2024-12-01 02:22:32,109 - INFO - Process num: 10246 / 10502
2024-12-01 02:22:33,809 - INFO - Process num: 10247 / 10502
2024-12-01 02:22:36,075 - INFO - Process num: 10248 / 10502
2024-12-01 02:22:38,053 - INFO - Process num: 10249 / 10502
2024-12-01 02:22:40,180 - INFO - Process num: 10250 / 10502
2024-12-01 02:22:41,951 - INFO - Process num: 10251 / 10502
2024-12-01 02:22:43,547 - INFO - Process num: 10252 / 10502
2024-12-01 02:22:45,306 - INFO - Process num: 10253 / 10502
2024-12-01 02:22:48,049 - INFO - Process num: 10254 / 10502
2024-12-01 02:22:49,425 - INFO - Process num: 10255 / 10502
2024-12-01 02:22:50,937 - INFO - Process num: 10256 / 10502
2024-12-01 02:22:52,255 - INFO - Process num: 10257 / 10502
2024-12-01 02:22:54,162 - INFO - Process num: 10258 / 10502
2024-12-01 02:22:57,873 - INFO - Process num: 10259 / 10502
2024-12-01 02:22:59,718 - INFO - Process num: 10260 / 10502
2024-12-01 02:23:01,108 - INFO - Process num: 10261 / 10502
2024-12-01 02:23:02,517 - INFO - Process num: 10262 / 10502
2024-12-01 02:23:04,335 - INFO - Process num: 10263 / 10502
2024-12-01 02:23:06,270 - INFO - Process num: 10264 / 10502
2024-12-01 02:23:08,386 - INFO - Process num: 10265 / 10502
2024-12-01 02:23:10,299 - INFO - Process num: 10266 / 10502
2024-12-01 02:23:12,002 - INFO - Process num: 10267 / 10502
2024-12-01 02:23:13,780 - INFO - Process num: 10268 / 10502
2024-12-01 02:23:15,624 - INFO - Process num: 10269 / 10502
2024-12-01 02:23:18,697 - INFO - Process num: 10270 / 10502
2024-12-01 02:23:20,391 - INFO - Process num: 10271 / 10502
2024-12-01 02:23:22,588 - INFO - Process num: 10272 / 10502
2024-12-01 02:23:24,228 - INFO - Process num: 10273 / 10502
2024-12-01 02:23:26,304 - INFO - Process num: 10274 / 10502
2024-12-01 02:23:27,823 - INFO - Process num: 10275 / 10502
2024-12-01 02:23:29,226 - INFO - Process num: 10276 / 10502
2024-12-01 02:23:31,639 - INFO - Process num: 10277 / 10502
2024-12-01 02:23:33,655 - INFO - Process num: 10278 / 10502
2024-12-01 02:23:35,917 - INFO - Process num: 10279 / 10502
2024-12-01 02:23:37,205 - INFO - Process num: 10280 / 10502
2024-12-01 02:23:38,640 - INFO - Process num: 10281 / 10502
2024-12-01 02:23:40,307 - INFO - Process num: 10282 / 10502
2024-12-01 02:23:41,977 - INFO - Process num: 10283 / 10502
2024-12-01 02:23:43,203 - INFO - Process num: 10284 / 10502
2024-12-01 02:23:44,827 - INFO - Process num: 10285 / 10502
2024-12-01 02:23:46,652 - INFO - Process num: 10286 / 10502
2024-12-01 02:23:48,595 - INFO - Process num: 10287 / 10502
2024-12-01 02:23:50,308 - INFO - Process num: 10288 / 10502
2024-12-01 02:23:52,385 - INFO - Process num: 10289 / 10502
2024-12-01 02:23:54,188 - INFO - Process num: 10290 / 10502
2024-12-01 02:23:56,149 - INFO - Process num: 10291 / 10502
2024-12-01 02:23:58,744 - INFO - Process num: 10292 / 10502
2024-12-01 02:24:00,435 - INFO - Process num: 10293 / 10502
2024-12-01 02:24:02,326 - INFO - Process num: 10294 / 10502
2024-12-01 02:24:04,094 - INFO - Process num: 10295 / 10502
2024-12-01 02:24:06,400 - INFO - Process num: 10296 / 10502
2024-12-01 02:24:08,565 - INFO - Process num: 10297 / 10502
2024-12-01 02:24:10,405 - INFO - Process num: 10298 / 10502
2024-12-01 02:24:12,475 - INFO - Process num: 10299 / 10502
2024-12-01 02:24:15,424 - INFO - Process num: 10300 / 10502
2024-12-01 02:24:17,286 - INFO - Process num: 10301 / 10502
2024-12-01 02:24:17,287 - INFO - Rows written before: 10182
2024-12-01 02:24:17,287 - INFO - Rows written in this process: 210
2024-12-01 02:24:17,287 - INFO - Total data rows: 10392
2024-12-01 02:24:17,287 - INFO - Total process data: 10301 / 10502
2024-12-01 02:24:17,287 - INFO - Data written to ../data/biology_brain_cn.csv
